{"/home/heitor/Documentos/Desenvolvimento/ignite/RENTALX/src/server.ts": {"path":"/home/heitor/Documentos/Desenvolvimento/ignite/RENTALX/src/server.ts","statementMap":{"0":{"start":{"line":5,"column":12},"end":{"line":5,"column":21}},"1":{"start":{"line":7,"column":0},"end":{"line":7,"column":24}},"2":{"start":{"line":9,"column":0},"end":{"line":9,"column":41}},"3":{"start":{"line":11,"column":0},"end":{"line":15,"column":3}},"4":{"start":{"line":12,"column":2},"end":{"line":14,"column":4}}},"fnMap":{"0":{"name":"(anonymous_0)","decl":{"start":{"line":11,"column":37},"end":{"line":11,"column":38}},"loc":{"start":{"line":11,"column":43},"end":{"line":15,"column":1}},"line":11}},"branchMap":{"0":{"loc":{"start":{"line":11,"column":11},"end":{"line":11,"column":35}},"type":"binary-expr","locations":[{"start":{"line":11,"column":11},"end":{"line":11,"column":27}},{"start":{"line":11,"column":31},"end":{"line":11,"column":35}}],"line":11},"1":{"loc":{"start":{"line":13,"column":47},"end":{"line":13,"column":71}},"type":"binary-expr","locations":[{"start":{"line":13,"column":47},"end":{"line":13,"column":63}},{"start":{"line":13,"column":67},"end":{"line":13,"column":71}}],"line":13}},"s":{"0":0,"1":0,"2":0,"3":0,"4":0},"f":{"0":0},"b":{"0":[0,0],"1":[0,0]}}
,"/home/heitor/Documentos/Desenvolvimento/ignite/RENTALX/src/useCases/createCategorys/index.ts": {"path":"/home/heitor/Documentos/Desenvolvimento/ignite/RENTALX/src/useCases/createCategorys/index.ts","statementMap":{"0":{"start":{"line":5,"column":27},"end":{"line":5,"column":59}},"1":{"start":{"line":7,"column":31},"end":{"line":7,"column":76}},"2":{"start":{"line":9,"column":34},"end":{"line":11,"column":1}}},"fnMap":{},"branchMap":{},"s":{"0":0,"1":0,"2":0},"f":{},"b":{}}
}
